<?xml version="1.0" encoding="UTF-8"?>
<!-- Generated by org.testng.reporters.JUnitReportReporter -->
<testsuite skipped="0" hostname="LAPTOP-C3E1HSB0" name="com.test.IntegrationTests" tests="1" failures="0" timestamp="26 Jul 2022 09:21:19 GMT" time="16.243" errors="0">
  <testcase name="m6" time="16.243" classname="com.test.IntegrationTests"/>
</testsuite> <!-- com.test.IntegrationTests -->
