<?xml version="1.0" encoding="UTF-8"?>
<!-- Generated by org.testng.reporters.JUnitReportReporter -->
<testsuite skipped="0" hostname="LAPTOP-C3E1HSB0" name="com.test.IntegrationTests" tests="1" failures="0" timestamp="25 Jul 2022 17:39:46 GMT" time="10.508" errors="0">
  <testcase name="m5" time="10.508" classname="com.test.IntegrationTests"/>
</testsuite> <!-- com.test.IntegrationTests -->
